  Banner.cpp
  base64decode.c
  email.c
C:\Users\wzx12\Documents\C++\C语言课程设计\2023 需提交-学号-姓名-班级\源程序文件夹\收发电子邮件\收发电子邮件\base64decode.c(67,21): warning C4047: “函数”:“const char *”与“int”的间接级别不同
C:\Users\wzx12\Documents\C++\C语言课程设计\2023 需提交-学号-姓名-班级\源程序文件夹\收发电子邮件\收发电子邮件\base64decode.c(67,21): warning C4024: “strcat”: 形参和实参 2 的类型不同
C:\Users\wzx12\Documents\C++\C语言课程设计\2023 需提交-学号-姓名-班级\源程序文件夹\收发电子邮件\收发电子邮件\base64decode.c(33,18): warning C4267: “初始化”: 从“size_t”转换到“int”，可能丢失数据
C:\Users\wzx12\Documents\C++\C语言课程设计\2023 需提交-学号-姓名-班级\源程序文件夹\收发电子邮件\收发电子邮件\email.c(46,12): warning C4267: “初始化”: 从“size_t”转换到“int”，可能丢失数据
C:\Users\wzx12\Documents\C++\C语言课程设计\2023 需提交-学号-姓名-班级\源程序文件夹\收发电子邮件\收发电子邮件\email.c(126,9): warning C4267: “=”: 从“size_t”转换到“int”，可能丢失数据
C:\Users\wzx12\Documents\C++\C语言课程设计\2023 需提交-学号-姓名-班级\源程序文件夹\收发电子邮件\收发电子邮件\email.c(207,13): warning C4244: “初始化”: 从“SOCKET”转换到“int”，可能丢失数据
C:\Users\wzx12\Documents\C++\C语言课程设计\2023 需提交-学号-姓名-班级\源程序文件夹\收发电子邮件\收发电子邮件\email.c(238,13): warning C4244: “初始化”: 从“SOCKET”转换到“int”，可能丢失数据
C:\Users\wzx12\Documents\C++\C语言课程设计\2023 需提交-学号-姓名-班级\源程序文件夹\收发电子邮件\收发电子邮件\email.c(269,19): warning C4267: “函数”: 从“size_t”转换到“int”，可能丢失数据
C:\Users\wzx12\Documents\C++\C语言课程设计\2023 需提交-学号-姓名-班级\源程序文件夹\收发电子邮件\收发电子邮件\email.c(349,11): warning C4098: “SendEmail”:“void”函数返回值
C:\Users\wzx12\Documents\C++\C语言课程设计\2023 需提交-学号-姓名-班级\源程序文件夹\收发电子邮件\收发电子邮件\email.c(366,12): warning C4098: “SendEmail”:“void”函数返回值
C:\Users\wzx12\Documents\C++\C语言课程设计\2023 需提交-学号-姓名-班级\源程序文件夹\收发电子邮件\收发电子邮件\email.c(370,12): warning C4098: “SendEmail”:“void”函数返回值
C:\Users\wzx12\Documents\C++\C语言课程设计\2023 需提交-学号-姓名-班级\源程序文件夹\收发电子邮件\收发电子邮件\email.c(374,12): warning C4098: “SendEmail”:“void”函数返回值
C:\Users\wzx12\Documents\C++\C语言课程设计\2023 需提交-学号-姓名-班级\源程序文件夹\收发电子邮件\收发电子邮件\email.c(378,12): warning C4098: “SendEmail”:“void”函数返回值
C:\Users\wzx12\Documents\C++\C语言课程设计\2023 需提交-学号-姓名-班级\源程序文件夹\收发电子邮件\收发电子邮件\email.c(397,12): warning C4098: “SendEmail”:“void”函数返回值
C:\Users\wzx12\Documents\C++\C语言课程设计\2023 需提交-学号-姓名-班级\源程序文件夹\收发电子邮件\收发电子邮件\email.c(400,12): warning C4098: “SendEmail”:“void”函数返回值
C:\Users\wzx12\Documents\C++\C语言课程设计\2023 需提交-学号-姓名-班级\源程序文件夹\收发电子邮件\收发电子邮件\email.c(403,12): warning C4098: “SendEmail”:“void”函数返回值
C:\Users\wzx12\Documents\C++\C语言课程设计\2023 需提交-学号-姓名-班级\源程序文件夹\收发电子邮件\收发电子邮件\email.c(420,10): warning C4267: “=”: 从“size_t”转换到“int”，可能丢失数据
C:\Users\wzx12\Documents\C++\C语言课程设计\2023 需提交-学号-姓名-班级\源程序文件夹\收发电子邮件\收发电子邮件\email.c(439,12): warning C4098: “SendEmail”:“void”函数返回值
C:\Users\wzx12\Documents\C++\C语言课程设计\2023 需提交-学号-姓名-班级\源程序文件夹\收发电子邮件\收发电子邮件\email.c(573,20): warning C4267: “函数”: 从“size_t”转换到“int”，可能丢失数据
C:\Users\wzx12\Documents\C++\C语言课程设计\2023 需提交-学号-姓名-班级\源程序文件夹\收发电子邮件\收发电子邮件\email.c(608,20): warning C4267: “函数”: 从“size_t”转换到“int”，可能丢失数据
C:\Users\wzx12\Documents\C++\C语言课程设计\2023 需提交-学号-姓名-班级\源程序文件夹\收发电子邮件\收发电子邮件\email.c(728,12): warning C4267: “初始化”: 从“size_t”转换到“int”，可能丢失数据
  main.c
  正在生成代码...
  收发电子邮件.vcxproj -> C:\Users\wzx12\Documents\C++\C语言课程设计\2023 需提交-学号-姓名-班级\源程序文件夹\收发电子邮件\x64\Debug\收发电子邮件.exe
